<?xml version="1.0" encoding="UTF-8"?>
<!-- Generated by org.testng.reporters.JUnitReportReporter -->
<testsuite hostname="DESKTOP-MJHUL9C" name="BDD.SeleniumPractice.Welcome" tests="1" failures="0" timestamp="2 Aug 2020 11:12:43 GMT" time="0.019" errors="0">
  <testcase name="testing" time="0.019" classname="BDD.SeleniumPractice.Welcome"/>
</testsuite> <!-- BDD.SeleniumPractice.Welcome -->
